[34m[1mwandb[0m: Appending key for api.wandb.ai to your netrc file: /root/.netrc

============fold 1=============

2021-02-24 19:40:21.430122: I tensorflow/stream_executor/platform/default/dso_loader.cc:49] Successfully opened dynamic library libcudart.so.10.2

2021-02-24 19:40:21.535706: I tensorflow/stream_executor/platform/default/dso_loader.cc:49] Successfully opened dynamic library libcudart.so.10.2

Downloading: "https://github.com/rwightman/pytorch-image-models/releases/download/v0.1-weights/resnext50_32x4d_ra-d733960d.pth" to /root/.cache/torch/hub/checkpoints/resnext50_32x4d_ra-d733960d.pth

---------- epoch1 ----------

****** train ******

loss:0.23308097408713677

****** validation ******

loss:0.10346378652033919 | avg_score:0.8588050797235922 | scores:[0.934844192634561, 0.9231614508362718, 0.9800451498064501, 0.9037305144579746, 0.8832252150218105, 0.9675843595011423, 0.9724689651482554, 0.6497827030301625, 0.621062803798487, 0.613360853860851, 0.9975896688635483]

---------- epoch2 ----------

****** train ******

loss:0.22870482431975722

****** validation ******

loss:0.05217769806498062 | avg_score:0.9044143666192038 | scores:[0.9445300783202799, 0.9288296379969225, 0.9841344465932038, 0.8910376422989965, 0.8984603653408391, 0.9640842780616554, 0.9744680112907965, 0.8005817097589851, 0.7661505874778689, 0.797448341163719, 0.9988329345079743]

---------- epoch3 ----------

****** train ******

loss:0.20336672087059204

****** validation ******

loss:0.024772785062472522 | avg_score:0.9266585915574496 | scores:[0.9699737543742709, 0.9450177347385156, 0.9868164892808812, 0.9023799135298084, 0.9234289671103536, 0.9750301689400092, 0.9807347544778425, 0.8594587811109135, 0.8037351360051503, 0.8504266782378369, 0.9962421293263639]

---------- epoch4 ----------

****** train ******

loss:0.15212193539717322

****** validation ******

loss:0.07815361592330636 | avg_score:0.9307211273378223 | scores:[0.9715568238626895, 0.9368105971763002, 0.98758396486811, 0.9213160921819841, 0.9232425401168464, 0.9744818904617711, 0.9797263490792265, 0.8735701063074333, 0.8117065507806214, 0.8588732772263301, 0.9990642086547331]

---------- epoch5 ----------

****** train ******

loss:0.08291193923679982

****** validation ******

loss:0.012732600389287507 | avg_score:0.9370417204176473 | scores:[0.9730253291118147, 0.9491595446623863, 0.9879916256581249, 0.927428503431042, 0.9231135830987811, 0.9808084367675366, 0.9827442504172603, 0.8877121751318321, 0.8267416706904875, 0.8719689699899204, 0.9967648356349345]

---------- epoch6 ----------

****** train ******

loss:0.07761262189216066

****** validation ******

loss:0.007225966192876775 | avg_score:0.9390401354109194 | scores:[0.9685573237793701, 0.9500799468676908, 0.9874826154171429, 0.9283864186267899, 0.9344169460735392, 0.9781802725104494, 0.9831390437432678, 0.8934301119219251, 0.8317097698374376, 0.8750442953445886, 0.9990147453979118]

---------- epoch7 ----------

****** train ******

loss:0.11066398080562406

****** validation ******

loss:0.021797020793299163 | avg_score:0.941720814726123 | scores:[0.9742126312281286, 0.947531191044905, 0.9876720596859363, 0.9315893855856571, 0.9460609237807955, 0.9797149073012772, 0.9832757270864169, 0.8938987002501322, 0.8363016900048287, 0.8799791802130907, 0.9986925658061843]

---------- epoch8 ----------

****** train ******

loss:0.10708457894734827

****** validation ******

loss:0.018070869421915856 | avg_score:0.9394436300845063 | scores:[0.9766184802532911, 0.9390972214051037, 0.9861240155202056, 0.9263119273333069, 0.9339978357648272, 0.978217813389136, 0.9827389210208533, 0.8913721788311473, 0.8407330436182197, 0.8819865425348403, 0.9966819512586393]

---------- epoch9 ----------

****** train ******

loss:0.06073634428013236

****** validation ******

loss:0.033636827622947243 | avg_score:0.9405273299361397 | scores:[0.9729836693884352, 0.940564766114556, 0.9855632798816006, 0.9313236285748285, 0.942576280879599, 0.9793906630990722, 0.9834226512305055, 0.8910609625981087, 0.8400704329631419, 0.8805808559355501, 0.9982634386321404]

---------- epoch10 ----------

****** train ******
