[34m[1mwandb[0m: Appending key for api.wandb.ai to your netrc file: /root/.netrc

============fold 1=============

2021-02-24 20:19:53.862569: I tensorflow/stream_executor/platform/default/dso_loader.cc:49] Successfully opened dynamic library libcudart.so.10.2

2021-02-24 20:19:53.954770: I tensorflow/stream_executor/platform/default/dso_loader.cc:49] Successfully opened dynamic library libcudart.so.10.2

---------- epoch1 ----------

****** train ******

loss:0.2709182200159812

****** validation ******

loss:0.2331829305213613 | avg_score:0.7511735072150177 | scores:[0.77441259790035, 0.8177525190127117, 0.8712373814276081, 0.7899904803458807, 0.7274065902643059, 0.8754296765490002, 0.8500201263087849, 0.6001904592946806, 0.5484535651054241, 0.5350007318643875, 0.8730144512920605]

---------- epoch2 ----------

****** train ******

loss:0.2894429463977781

****** validation ******

loss:0.26245320874169187 | avg_score:0.7627287949294292 | scores:[0.8058448591901349, 0.8370338993022461, 0.8942352205991222, 0.8274364364761415, 0.7399497628312234, 0.9131687044703315, 0.8657968116415753, 0.4942564855194993, 0.5961670046676324, 0.5279332357687475, 0.8881943237570685]

---------- epoch3 ----------

****** train ******

loss:0.18089780767176813

****** validation ******

loss:0.19661744491022237 | avg_score:0.8045182027180219 | scores:[0.8741459756707216, 0.8896321398174624, 0.953328658650523, 0.8329360199912736, 0.8062140462226808, 0.9401477294126124, 0.9083243499912848, 0.6160135997713884, 0.599124223402543, 0.5511628454159421, 0.8786706415518093]

---------- epoch4 ----------

****** train ******

loss:0.3050615359326957

****** validation ******

loss:0.1563310477991442 | avg_score:0.8106574338930059 | scores:[0.8836860523246126, 0.8911827037599215, 0.9656208761118537, 0.8499048034588077, 0.8073508303710598, 0.937276457691127, 0.9202676318377724, 0.5996446339013513, 0.5988125543215839, 0.5508868038481247, 0.9125984251968504]

---------- epoch5 ----------

****** train ******

loss:0.17017005944816035

****** validation ******

loss:0.1234403192553323 | avg_score:0.8148757362478688 | scores:[0.9108586068988502, 0.891874312803396, 0.9677558418987359, 0.8579806433699577, 0.8046090920304563, 0.9441700529144741, 0.923106005665462, 0.5849348159489878, 0.595739385160148, 0.5575719235502001, 0.9250324184858896]

---------- epoch6 ----------

****** train ******

loss:0.3275033584637652

****** validation ******

loss:0.10018041205047981 | avg_score:0.8314680071804615 | scores:[0.9325841526412264, 0.9102287539401451, 0.9747882329892948, 0.8716155646344849, 0.8405418437489487, 0.9513854703478525, 0.9388659713232492, 0.5926378587113581, 0.6157275390310638, 0.5585945837875529, 0.9591781078298999]

---------- epoch7 ----------

****** train ******

loss:0.11613029315976586

****** validation ******

loss:0.12538973211985457 | avg_score:0.8386577905872414 | scores:[0.9287097983669388, 0.9165865890600262, 0.9757724703209367, 0.8587739478798938, 0.8314335534947351, 0.9574649734519383, 0.9457145592003983, 0.6419716795747903, 0.6178162562369226, 0.5768945733100627, 0.9740972955630122]

---------- epoch8 ----------

****** train ******

loss:0.17171294350232225

****** validation ******

loss:0.06809726444751026 | avg_score:0.8426446455839202 | scores:[0.9322717047158807, 0.9219985278794273, 0.9786231862974248, 0.8729522827337274, 0.8483030938470681, 0.9570771519551834, 0.9477660633232612, 0.6354434465925224, 0.6191021406727828, 0.5766007876056751, 0.9789527158001684]

---------- epoch9 ----------

****** train ******

loss:0.2775969971811335

****** validation ******

loss:0.06729131159615859 | avg_score:0.8435612237549986 | scores:[0.9240647392101317, 0.923666756876542, 0.9785696828392589, 0.8622109396691919, 0.842059892124651, 0.9588091791081377, 0.950739239530662, 0.6457636036773411, 0.6259943988411395, 0.5857087294132267, 0.9815863000147053]

---------- epoch10 ----------

****** train ******

loss:0.152661494175057

****** validation ******
